<?xml version="1.0" encoding="UTF-8"?>
<testsuite xmlns:xsi="http://www.w3.org/2001/XMLSchema-instance" xsi:noNamespaceSchemaLocation="https://maven.apache.org/surefire/maven-surefire-plugin/xsd/surefire-test-report-3.0.xsd" version="3.0" name="assignmentsdacucumber.RunCucumberTest" time="0.401" tests="7" errors="7" skipped="0" failures="0">
  <properties>
[...]
</properties>
  <testcase name="Example #1.1" classname="Examples" time="0.141">
    <error message="The step &apos;I am on the registration page &quot;https://ecommerce-playground.lambdatest.io/index.php?route=account/register&quot;&apos; and 3 other step(s) are undefined.&#10;You can implement these steps using the snippet(s) below:&#10;&#10;@Given(&quot;I am on the registration page {string}&quot;)&#10;public void i_am_on_the_registration_page(String string) {&#10;    // Write code here that turns the phrase above into concrete actions&#10;    throw new io.cucumber.java.PendingException();&#10;}&#10;@When(&quot;I enter the following details:&quot;)&#10;public void i_enter_the_following_details(io.cucumber.datatable.DataTable dataTable) {&#10;    // Write code here that turns the phrase above into concrete actions&#10;    // For automatic transformation, change DataTable to one of&#10;    // E, List&lt;E&gt;, List&lt;List&lt;E&gt;&gt;, List&lt;Map&lt;K,V&gt;&gt;, Map&lt;K,V&gt; or&#10;    // Map&lt;K, List&lt;V&gt;&gt;. E,K,V must be a String, Integer, Float,&#10;    // Double, Byte, Short, Long, BigInteger or BigDecimal.&#10;    //&#10;    // For other transformations you can register a DataTableType.&#10;    throw new io.cucumber.java.PendingException();&#10;}&#10;@When(&quot;I submit the registration form&quot;)&#10;public void i_submit_the_registration_form() {&#10;    // Write code here that turns the phrase above into concrete actions&#10;    throw new io.cucumber.java.PendingException();&#10;}&#10;@Then(&quot;I should see a success message confirming registration&quot;)&#10;public void i_should_see_a_success_message_confirming_registration() {&#10;    // Write code here that turns the phrase above into concrete actions&#10;    throw new io.cucumber.java.PendingException();&#10;}&#10;" type="io.cucumber.junit.platform.engine.UndefinedStepException"><![CDATA[io.cucumber.junit.platform.engine.UndefinedStepException: 
The step 'I am on the registration page "https://ecommerce-playground.lambdatest.io/index.php?route=account/register"' and 3 other step(s) are undefined.
You can implement these steps using the snippet(s) below:

@Given("I am on the registration page {string}")
public void i_am_on_the_registration_page(String string) {
    // Write code here that turns the phrase above into concrete actions
    throw new io.cucumber.java.PendingException();
}
@When("I enter the following details:")
public void i_enter_the_following_details(io.cucumber.datatable.DataTable dataTable) {
    // Write code here that turns the phrase above into concrete actions
    // For automatic transformation, change DataTable to one of
    // E, List<E>, List<List<E>>, List<Map<K,V>>, Map<K,V> or
    // Map<K, List<V>>. E,K,V must be a String, Integer, Float,
    // Double, Byte, Short, Long, BigInteger or BigDecimal.
    //
    // For other transformations you can register a DataTableType.
    throw new io.cucumber.java.PendingException();
}
@When("I submit the registration form")
public void i_submit_the_registration_form() {
    // Write code here that turns the phrase above into concrete actions
    throw new io.cucumber.java.PendingException();
}
@Then("I should see a success message confirming registration")
public void i_should_see_a_success_message_confirming_registration() {
    // Write code here that turns the phrase above into concrete actions
    throw new io.cucumber.java.PendingException();
}

	at io.cucumber.core.runtime.TestCaseResultObserver.assertTestCasePassed(TestCaseResultObserver.java:69)
	at io.cucumber.junit.platform.engine.TestCaseResultObserver.assertTestCasePassed(TestCaseResultObserver.java:22)
	at io.cucumber.junit.platform.engine.CucumberEngineExecutionContext.lambda$runTestCase$4(CucumberEngineExecutionContext.java:114)
	at io.cucumber.core.runtime.CucumberExecutionContext.lambda$runTestCase$5(CucumberExecutionContext.java:136)
	at io.cucumber.core.runtime.RethrowingThrowableCollector.executeAndThrow(RethrowingThrowableCollector.java:23)
	at io.cucumber.core.runtime.CucumberExecutionContext.runTestCase(CucumberExecutionContext.java:136)
	at io.cucumber.junit.platform.engine.CucumberEngineExecutionContext.runTestCase(CucumberEngineExecutionContext.java:109)
	at io.cucumber.junit.platform.engine.NodeDescriptor$PickleDescriptor.execute(NodeDescriptor.java:168)
	at io.cucumber.junit.platform.engine.NodeDescriptor$PickleDescriptor.execute(NodeDescriptor.java:90)
	at java.base/java.util.ArrayList.forEach(ArrayList.java:1596)
	at java.base/java.util.ArrayList.forEach(ArrayList.java:1596)
	at java.base/java.util.ArrayList.forEach(ArrayList.java:1596)
	at java.base/java.util.ArrayList.forEach(ArrayList.java:1596)
]]></error>
    <system-out><![CDATA[
Scenario Outline: Register a new user using fluent page object approach                                             &amp#27;[90m# assignmentsdacucumber/Assignment01.feature:19&amp#27;[0m
  &amp#27;[33mGiven &amp#27;[0m&amp#27;[33mI am on the registration page "https://ecommerce-playground.lambdatest.io/index.php?route=account/register"&amp#27;[0m
  &amp#27;[36mWhen &amp#27;[0m&amp#27;[36mI enter the following details:&amp#27;[0m
    | Field         | Value                                           |
    | ------------- | ----------------------------------------------- |
    | First Name    | Jaz                                             |
    | Last Name     | Sul                                             |
    | Email         | jazsul@hotmail.com                              |
    | Telephone     | +966555555                                      |
    | Password      | Password                                        |
    | Confirm Pwd   | Password                                        |
  &amp#27;[36mAnd &amp#27;[0m&amp#27;[36mI submit the registration form&amp#27;[0m
  &amp#27;[36mThen &amp#27;[0m&amp#27;[36mI should see a success message confirming registration&amp#27;[0m
]]></system-out>
  </testcase>
  <testcase name="Example #1.2" classname="Examples" time="0.013">
    <error message="The step &apos;I am on the registration page &quot;https://ecommerce-playground.lambdatest.io/index.php?route=account/register&quot;&apos; and 3 other step(s) are undefined.&#10;You can implement these steps using the snippet(s) below:&#10;&#10;@Given(&quot;I am on the registration page {string}&quot;)&#10;public void i_am_on_the_registration_page(String string) {&#10;    // Write code here that turns the phrase above into concrete actions&#10;    throw new io.cucumber.java.PendingException();&#10;}&#10;@When(&quot;I enter the following details:&quot;)&#10;public void i_enter_the_following_details(io.cucumber.datatable.DataTable dataTable) {&#10;    // Write code here that turns the phrase above into concrete actions&#10;    // For automatic transformation, change DataTable to one of&#10;    // E, List&lt;E&gt;, List&lt;List&lt;E&gt;&gt;, List&lt;Map&lt;K,V&gt;&gt;, Map&lt;K,V&gt; or&#10;    // Map&lt;K, List&lt;V&gt;&gt;. E,K,V must be a String, Integer, Float,&#10;    // Double, Byte, Short, Long, BigInteger or BigDecimal.&#10;    //&#10;    // For other transformations you can register a DataTableType.&#10;    throw new io.cucumber.java.PendingException();&#10;}&#10;@When(&quot;I submit the registration form&quot;)&#10;public void i_submit_the_registration_form() {&#10;    // Write code here that turns the phrase above into concrete actions&#10;    throw new io.cucumber.java.PendingException();&#10;}&#10;@Then(&quot;I should see a success message confirming registration&quot;)&#10;public void i_should_see_a_success_message_confirming_registration() {&#10;    // Write code here that turns the phrase above into concrete actions&#10;    throw new io.cucumber.java.PendingException();&#10;}&#10;" type="io.cucumber.junit.platform.engine.UndefinedStepException"><![CDATA[io.cucumber.junit.platform.engine.UndefinedStepException: 
The step 'I am on the registration page "https://ecommerce-playground.lambdatest.io/index.php?route=account/register"' and 3 other step(s) are undefined.
You can implement these steps using the snippet(s) below:

@Given("I am on the registration page {string}")
public void i_am_on_the_registration_page(String string) {
    // Write code here that turns the phrase above into concrete actions
    throw new io.cucumber.java.PendingException();
}
@When("I enter the following details:")
public void i_enter_the_following_details(io.cucumber.datatable.DataTable dataTable) {
    // Write code here that turns the phrase above into concrete actions
    // For automatic transformation, change DataTable to one of
    // E, List<E>, List<List<E>>, List<Map<K,V>>, Map<K,V> or
    // Map<K, List<V>>. E,K,V must be a String, Integer, Float,
    // Double, Byte, Short, Long, BigInteger or BigDecimal.
    //
    // For other transformations you can register a DataTableType.
    throw new io.cucumber.java.PendingException();
}
@When("I submit the registration form")
public void i_submit_the_registration_form() {
    // Write code here that turns the phrase above into concrete actions
    throw new io.cucumber.java.PendingException();
}
@Then("I should see a success message confirming registration")
public void i_should_see_a_success_message_confirming_registration() {
    // Write code here that turns the phrase above into concrete actions
    throw new io.cucumber.java.PendingException();
}

	at io.cucumber.core.runtime.TestCaseResultObserver.assertTestCasePassed(TestCaseResultObserver.java:69)
	at io.cucumber.junit.platform.engine.TestCaseResultObserver.assertTestCasePassed(TestCaseResultObserver.java:22)
	at io.cucumber.junit.platform.engine.CucumberEngineExecutionContext.lambda$runTestCase$4(CucumberEngineExecutionContext.java:114)
	at io.cucumber.core.runtime.CucumberExecutionContext.lambda$runTestCase$5(CucumberExecutionContext.java:136)
	at io.cucumber.core.runtime.RethrowingThrowableCollector.executeAndThrow(RethrowingThrowableCollector.java:23)
	at io.cucumber.core.runtime.CucumberExecutionContext.runTestCase(CucumberExecutionContext.java:136)
	at io.cucumber.junit.platform.engine.CucumberEngineExecutionContext.runTestCase(CucumberEngineExecutionContext.java:109)
	at io.cucumber.junit.platform.engine.NodeDescriptor$PickleDescriptor.execute(NodeDescriptor.java:168)
	at io.cucumber.junit.platform.engine.NodeDescriptor$PickleDescriptor.execute(NodeDescriptor.java:90)
	at java.base/java.util.ArrayList.forEach(ArrayList.java:1596)
	at java.base/java.util.ArrayList.forEach(ArrayList.java:1596)
	at java.base/java.util.ArrayList.forEach(ArrayList.java:1596)
	at java.base/java.util.ArrayList.forEach(ArrayList.java:1596)
]]></error>
    <system-out><![CDATA[
Scenario Outline: Register a new user using fluent page object approach                                             &amp#27;[90m# assignmentsdacucumber/Assignment01.feature:20&amp#27;[0m
  &amp#27;[33mGiven &amp#27;[0m&amp#27;[33mI am on the registration page "https://ecommerce-playground.lambdatest.io/index.php?route=account/register"&amp#27;[0m
  &amp#27;[36mWhen &amp#27;[0m&amp#27;[36mI enter the following details:&amp#27;[0m
    | Field         | Value                                           |
    | ------------- | ----------------------------------------------- |
    | First Name    | Jaz                                             |
    | Last Name     | Sul                                             |
    | Email         | jazsul@hotmail.com                              |
    | Telephone     | +966555555                                      |
    | Password      | Password                                        |
    | Confirm Pwd   | Password                                        |
  &amp#27;[36mAnd &amp#27;[0m&amp#27;[36mI submit the registration form&amp#27;[0m
  &amp#27;[36mThen &amp#27;[0m&amp#27;[36mI should see a success message confirming registration&amp#27;[0m
]]></system-out>
  </testcase>
  <testcase name="Example #1.3" classname="Examples" time="0.009">
    <error message="The step &apos;I am on the registration page &quot;https://ecommerce-playground.lambdatest.io/index.php?route=account/register&quot;&apos; and 3 other step(s) are undefined.&#10;You can implement these steps using the snippet(s) below:&#10;&#10;@Given(&quot;I am on the registration page {string}&quot;)&#10;public void i_am_on_the_registration_page(String string) {&#10;    // Write code here that turns the phrase above into concrete actions&#10;    throw new io.cucumber.java.PendingException();&#10;}&#10;@When(&quot;I enter the following details:&quot;)&#10;public void i_enter_the_following_details(io.cucumber.datatable.DataTable dataTable) {&#10;    // Write code here that turns the phrase above into concrete actions&#10;    // For automatic transformation, change DataTable to one of&#10;    // E, List&lt;E&gt;, List&lt;List&lt;E&gt;&gt;, List&lt;Map&lt;K,V&gt;&gt;, Map&lt;K,V&gt; or&#10;    // Map&lt;K, List&lt;V&gt;&gt;. E,K,V must be a String, Integer, Float,&#10;    // Double, Byte, Short, Long, BigInteger or BigDecimal.&#10;    //&#10;    // For other transformations you can register a DataTableType.&#10;    throw new io.cucumber.java.PendingException();&#10;}&#10;@When(&quot;I submit the registration form&quot;)&#10;public void i_submit_the_registration_form() {&#10;    // Write code here that turns the phrase above into concrete actions&#10;    throw new io.cucumber.java.PendingException();&#10;}&#10;@Then(&quot;I should see a success message confirming registration&quot;)&#10;public void i_should_see_a_success_message_confirming_registration() {&#10;    // Write code here that turns the phrase above into concrete actions&#10;    throw new io.cucumber.java.PendingException();&#10;}&#10;" type="io.cucumber.junit.platform.engine.UndefinedStepException"><![CDATA[io.cucumber.junit.platform.engine.UndefinedStepException: 
The step 'I am on the registration page "https://ecommerce-playground.lambdatest.io/index.php?route=account/register"' and 3 other step(s) are undefined.
You can implement these steps using the snippet(s) below:

@Given("I am on the registration page {string}")
public void i_am_on_the_registration_page(String string) {
    // Write code here that turns the phrase above into concrete actions
    throw new io.cucumber.java.PendingException();
}
@When("I enter the following details:")
public void i_enter_the_following_details(io.cucumber.datatable.DataTable dataTable) {
    // Write code here that turns the phrase above into concrete actions
    // For automatic transformation, change DataTable to one of
    // E, List<E>, List<List<E>>, List<Map<K,V>>, Map<K,V> or
    // Map<K, List<V>>. E,K,V must be a String, Integer, Float,
    // Double, Byte, Short, Long, BigInteger or BigDecimal.
    //
    // For other transformations you can register a DataTableType.
    throw new io.cucumber.java.PendingException();
}
@When("I submit the registration form")
public void i_submit_the_registration_form() {
    // Write code here that turns the phrase above into concrete actions
    throw new io.cucumber.java.PendingException();
}
@Then("I should see a success message confirming registration")
public void i_should_see_a_success_message_confirming_registration() {
    // Write code here that turns the phrase above into concrete actions
    throw new io.cucumber.java.PendingException();
}

	at io.cucumber.core.runtime.TestCaseResultObserver.assertTestCasePassed(TestCaseResultObserver.java:69)
	at io.cucumber.junit.platform.engine.TestCaseResultObserver.assertTestCasePassed(TestCaseResultObserver.java:22)
	at io.cucumber.junit.platform.engine.CucumberEngineExecutionContext.lambda$runTestCase$4(CucumberEngineExecutionContext.java:114)
	at io.cucumber.core.runtime.CucumberExecutionContext.lambda$runTestCase$5(CucumberExecutionContext.java:136)
	at io.cucumber.core.runtime.RethrowingThrowableCollector.executeAndThrow(RethrowingThrowableCollector.java:23)
	at io.cucumber.core.runtime.CucumberExecutionContext.runTestCase(CucumberExecutionContext.java:136)
	at io.cucumber.junit.platform.engine.CucumberEngineExecutionContext.runTestCase(CucumberEngineExecutionContext.java:109)
	at io.cucumber.junit.platform.engine.NodeDescriptor$PickleDescriptor.execute(NodeDescriptor.java:168)
	at io.cucumber.junit.platform.engine.NodeDescriptor$PickleDescriptor.execute(NodeDescriptor.java:90)
	at java.base/java.util.ArrayList.forEach(ArrayList.java:1596)
	at java.base/java.util.ArrayList.forEach(ArrayList.java:1596)
	at java.base/java.util.ArrayList.forEach(ArrayList.java:1596)
	at java.base/java.util.ArrayList.forEach(ArrayList.java:1596)
]]></error>
    <system-out><![CDATA[
Scenario Outline: Register a new user using fluent page object approach                                             &amp#27;[90m# assignmentsdacucumber/Assignment01.feature:21&amp#27;[0m
  &amp#27;[33mGiven &amp#27;[0m&amp#27;[33mI am on the registration page "https://ecommerce-playground.lambdatest.io/index.php?route=account/register"&amp#27;[0m
  &amp#27;[36mWhen &amp#27;[0m&amp#27;[36mI enter the following details:&amp#27;[0m
    | Field         | Value                                           |
    | ------------- | ----------------------------------------------- |
    | First Name    | Jaz                                             |
    | Last Name     | Sul                                             |
    | Email         | jazsul@hotmail.com                              |
    | Telephone     | +966555555                                      |
    | Password      | Password                                        |
    | Confirm Pwd   | Password                                        |
  &amp#27;[36mAnd &amp#27;[0m&amp#27;[36mI submit the registration form&amp#27;[0m
  &amp#27;[36mThen &amp#27;[0m&amp#27;[36mI should see a success message confirming registration&amp#27;[0m
]]></system-out>
  </testcase>
  <testcase name="Example #1.4" classname="Examples" time="0.009">
    <error message="The step &apos;I am on the registration page &quot;https://ecommerce-playground.lambdatest.io/index.php?route=account/register&quot;&apos; and 3 other step(s) are undefined.&#10;You can implement these steps using the snippet(s) below:&#10;&#10;@Given(&quot;I am on the registration page {string}&quot;)&#10;public void i_am_on_the_registration_page(String string) {&#10;    // Write code here that turns the phrase above into concrete actions&#10;    throw new io.cucumber.java.PendingException();&#10;}&#10;@When(&quot;I enter the following details:&quot;)&#10;public void i_enter_the_following_details(io.cucumber.datatable.DataTable dataTable) {&#10;    // Write code here that turns the phrase above into concrete actions&#10;    // For automatic transformation, change DataTable to one of&#10;    // E, List&lt;E&gt;, List&lt;List&lt;E&gt;&gt;, List&lt;Map&lt;K,V&gt;&gt;, Map&lt;K,V&gt; or&#10;    // Map&lt;K, List&lt;V&gt;&gt;. E,K,V must be a String, Integer, Float,&#10;    // Double, Byte, Short, Long, BigInteger or BigDecimal.&#10;    //&#10;    // For other transformations you can register a DataTableType.&#10;    throw new io.cucumber.java.PendingException();&#10;}&#10;@When(&quot;I submit the registration form&quot;)&#10;public void i_submit_the_registration_form() {&#10;    // Write code here that turns the phrase above into concrete actions&#10;    throw new io.cucumber.java.PendingException();&#10;}&#10;@Then(&quot;I should see a success message confirming registration&quot;)&#10;public void i_should_see_a_success_message_confirming_registration() {&#10;    // Write code here that turns the phrase above into concrete actions&#10;    throw new io.cucumber.java.PendingException();&#10;}&#10;" type="io.cucumber.junit.platform.engine.UndefinedStepException"><![CDATA[io.cucumber.junit.platform.engine.UndefinedStepException: 
The step 'I am on the registration page "https://ecommerce-playground.lambdatest.io/index.php?route=account/register"' and 3 other step(s) are undefined.
You can implement these steps using the snippet(s) below:

@Given("I am on the registration page {string}")
public void i_am_on_the_registration_page(String string) {
    // Write code here that turns the phrase above into concrete actions
    throw new io.cucumber.java.PendingException();
}
@When("I enter the following details:")
public void i_enter_the_following_details(io.cucumber.datatable.DataTable dataTable) {
    // Write code here that turns the phrase above into concrete actions
    // For automatic transformation, change DataTable to one of
    // E, List<E>, List<List<E>>, List<Map<K,V>>, Map<K,V> or
    // Map<K, List<V>>. E,K,V must be a String, Integer, Float,
    // Double, Byte, Short, Long, BigInteger or BigDecimal.
    //
    // For other transformations you can register a DataTableType.
    throw new io.cucumber.java.PendingException();
}
@When("I submit the registration form")
public void i_submit_the_registration_form() {
    // Write code here that turns the phrase above into concrete actions
    throw new io.cucumber.java.PendingException();
}
@Then("I should see a success message confirming registration")
public void i_should_see_a_success_message_confirming_registration() {
    // Write code here that turns the phrase above into concrete actions
    throw new io.cucumber.java.PendingException();
}

	at io.cucumber.core.runtime.TestCaseResultObserver.assertTestCasePassed(TestCaseResultObserver.java:69)
	at io.cucumber.junit.platform.engine.TestCaseResultObserver.assertTestCasePassed(TestCaseResultObserver.java:22)
	at io.cucumber.junit.platform.engine.CucumberEngineExecutionContext.lambda$runTestCase$4(CucumberEngineExecutionContext.java:114)
	at io.cucumber.core.runtime.CucumberExecutionContext.lambda$runTestCase$5(CucumberExecutionContext.java:136)
	at io.cucumber.core.runtime.RethrowingThrowableCollector.executeAndThrow(RethrowingThrowableCollector.java:23)
	at io.cucumber.core.runtime.CucumberExecutionContext.runTestCase(CucumberExecutionContext.java:136)
	at io.cucumber.junit.platform.engine.CucumberEngineExecutionContext.runTestCase(CucumberEngineExecutionContext.java:109)
	at io.cucumber.junit.platform.engine.NodeDescriptor$PickleDescriptor.execute(NodeDescriptor.java:168)
	at io.cucumber.junit.platform.engine.NodeDescriptor$PickleDescriptor.execute(NodeDescriptor.java:90)
	at java.base/java.util.ArrayList.forEach(ArrayList.java:1596)
	at java.base/java.util.ArrayList.forEach(ArrayList.java:1596)
	at java.base/java.util.ArrayList.forEach(ArrayList.java:1596)
	at java.base/java.util.ArrayList.forEach(ArrayList.java:1596)
]]></error>
    <system-out><![CDATA[
Scenario Outline: Register a new user using fluent page object approach                                             &amp#27;[90m# assignmentsdacucumber/Assignment01.feature:22&amp#27;[0m
  &amp#27;[33mGiven &amp#27;[0m&amp#27;[33mI am on the registration page "https://ecommerce-playground.lambdatest.io/index.php?route=account/register"&amp#27;[0m
  &amp#27;[36mWhen &amp#27;[0m&amp#27;[36mI enter the following details:&amp#27;[0m
    | Field         | Value                                           |
    | ------------- | ----------------------------------------------- |
    | First Name    | Jaz                                             |
    | Last Name     | Sul                                             |
    | Email         | jazsul@hotmail.com                              |
    | Telephone     | +966555555                                      |
    | Password      | Password                                        |
    | Confirm Pwd   | Password                                        |
  &amp#27;[36mAnd &amp#27;[0m&amp#27;[36mI submit the registration form&amp#27;[0m
  &amp#27;[36mThen &amp#27;[0m&amp#27;[36mI should see a success message confirming registration&amp#27;[0m
]]></system-out>
  </testcase>
  <testcase name="Example #1.5" classname="Examples" time="0.009">
    <error message="The step &apos;I am on the registration page &quot;https://ecommerce-playground.lambdatest.io/index.php?route=account/register&quot;&apos; and 3 other step(s) are undefined.&#10;You can implement these steps using the snippet(s) below:&#10;&#10;@Given(&quot;I am on the registration page {string}&quot;)&#10;public void i_am_on_the_registration_page(String string) {&#10;    // Write code here that turns the phrase above into concrete actions&#10;    throw new io.cucumber.java.PendingException();&#10;}&#10;@When(&quot;I enter the following details:&quot;)&#10;public void i_enter_the_following_details(io.cucumber.datatable.DataTable dataTable) {&#10;    // Write code here that turns the phrase above into concrete actions&#10;    // For automatic transformation, change DataTable to one of&#10;    // E, List&lt;E&gt;, List&lt;List&lt;E&gt;&gt;, List&lt;Map&lt;K,V&gt;&gt;, Map&lt;K,V&gt; or&#10;    // Map&lt;K, List&lt;V&gt;&gt;. E,K,V must be a String, Integer, Float,&#10;    // Double, Byte, Short, Long, BigInteger or BigDecimal.&#10;    //&#10;    // For other transformations you can register a DataTableType.&#10;    throw new io.cucumber.java.PendingException();&#10;}&#10;@When(&quot;I submit the registration form&quot;)&#10;public void i_submit_the_registration_form() {&#10;    // Write code here that turns the phrase above into concrete actions&#10;    throw new io.cucumber.java.PendingException();&#10;}&#10;@Then(&quot;I should see a success message confirming registration&quot;)&#10;public void i_should_see_a_success_message_confirming_registration() {&#10;    // Write code here that turns the phrase above into concrete actions&#10;    throw new io.cucumber.java.PendingException();&#10;}&#10;" type="io.cucumber.junit.platform.engine.UndefinedStepException"><![CDATA[io.cucumber.junit.platform.engine.UndefinedStepException: 
The step 'I am on the registration page "https://ecommerce-playground.lambdatest.io/index.php?route=account/register"' and 3 other step(s) are undefined.
You can implement these steps using the snippet(s) below:

@Given("I am on the registration page {string}")
public void i_am_on_the_registration_page(String string) {
    // Write code here that turns the phrase above into concrete actions
    throw new io.cucumber.java.PendingException();
}
@When("I enter the following details:")
public void i_enter_the_following_details(io.cucumber.datatable.DataTable dataTable) {
    // Write code here that turns the phrase above into concrete actions
    // For automatic transformation, change DataTable to one of
    // E, List<E>, List<List<E>>, List<Map<K,V>>, Map<K,V> or
    // Map<K, List<V>>. E,K,V must be a String, Integer, Float,
    // Double, Byte, Short, Long, BigInteger or BigDecimal.
    //
    // For other transformations you can register a DataTableType.
    throw new io.cucumber.java.PendingException();
}
@When("I submit the registration form")
public void i_submit_the_registration_form() {
    // Write code here that turns the phrase above into concrete actions
    throw new io.cucumber.java.PendingException();
}
@Then("I should see a success message confirming registration")
public void i_should_see_a_success_message_confirming_registration() {
    // Write code here that turns the phrase above into concrete actions
    throw new io.cucumber.java.PendingException();
}

	at io.cucumber.core.runtime.TestCaseResultObserver.assertTestCasePassed(TestCaseResultObserver.java:69)
	at io.cucumber.junit.platform.engine.TestCaseResultObserver.assertTestCasePassed(TestCaseResultObserver.java:22)
	at io.cucumber.junit.platform.engine.CucumberEngineExecutionContext.lambda$runTestCase$4(CucumberEngineExecutionContext.java:114)
	at io.cucumber.core.runtime.CucumberExecutionContext.lambda$runTestCase$5(CucumberExecutionContext.java:136)
	at io.cucumber.core.runtime.RethrowingThrowableCollector.executeAndThrow(RethrowingThrowableCollector.java:23)
	at io.cucumber.core.runtime.CucumberExecutionContext.runTestCase(CucumberExecutionContext.java:136)
	at io.cucumber.junit.platform.engine.CucumberEngineExecutionContext.runTestCase(CucumberEngineExecutionContext.java:109)
	at io.cucumber.junit.platform.engine.NodeDescriptor$PickleDescriptor.execute(NodeDescriptor.java:168)
	at io.cucumber.junit.platform.engine.NodeDescriptor$PickleDescriptor.execute(NodeDescriptor.java:90)
	at java.base/java.util.ArrayList.forEach(ArrayList.java:1596)
	at java.base/java.util.ArrayList.forEach(ArrayList.java:1596)
	at java.base/java.util.ArrayList.forEach(ArrayList.java:1596)
	at java.base/java.util.ArrayList.forEach(ArrayList.java:1596)
]]></error>
    <system-out><![CDATA[
Scenario Outline: Register a new user using fluent page object approach                                             &amp#27;[90m# assignmentsdacucumber/Assignment01.feature:23&amp#27;[0m
  &amp#27;[33mGiven &amp#27;[0m&amp#27;[33mI am on the registration page "https://ecommerce-playground.lambdatest.io/index.php?route=account/register"&amp#27;[0m
  &amp#27;[36mWhen &amp#27;[0m&amp#27;[36mI enter the following details:&amp#27;[0m
    | Field         | Value                                           |
    | ------------- | ----------------------------------------------- |
    | First Name    | Jaz                                             |
    | Last Name     | Sul                                             |
    | Email         | jazsul@hotmail.com                              |
    | Telephone     | +966555555                                      |
    | Password      | Password                                        |
    | Confirm Pwd   | Password                                        |
  &amp#27;[36mAnd &amp#27;[0m&amp#27;[36mI submit the registration form&amp#27;[0m
  &amp#27;[36mThen &amp#27;[0m&amp#27;[36mI should see a success message confirming registration&amp#27;[0m
]]></system-out>
  </testcase>
  <testcase name="Example #1.6" classname="Examples" time="0.007">
    <error message="The step &apos;I am on the registration page &quot;https://ecommerce-playground.lambdatest.io/index.php?route=account/register&quot;&apos; and 3 other step(s) are undefined.&#10;You can implement these steps using the snippet(s) below:&#10;&#10;@Given(&quot;I am on the registration page {string}&quot;)&#10;public void i_am_on_the_registration_page(String string) {&#10;    // Write code here that turns the phrase above into concrete actions&#10;    throw new io.cucumber.java.PendingException();&#10;}&#10;@When(&quot;I enter the following details:&quot;)&#10;public void i_enter_the_following_details(io.cucumber.datatable.DataTable dataTable) {&#10;    // Write code here that turns the phrase above into concrete actions&#10;    // For automatic transformation, change DataTable to one of&#10;    // E, List&lt;E&gt;, List&lt;List&lt;E&gt;&gt;, List&lt;Map&lt;K,V&gt;&gt;, Map&lt;K,V&gt; or&#10;    // Map&lt;K, List&lt;V&gt;&gt;. E,K,V must be a String, Integer, Float,&#10;    // Double, Byte, Short, Long, BigInteger or BigDecimal.&#10;    //&#10;    // For other transformations you can register a DataTableType.&#10;    throw new io.cucumber.java.PendingException();&#10;}&#10;@When(&quot;I submit the registration form&quot;)&#10;public void i_submit_the_registration_form() {&#10;    // Write code here that turns the phrase above into concrete actions&#10;    throw new io.cucumber.java.PendingException();&#10;}&#10;@Then(&quot;I should see a success message confirming registration&quot;)&#10;public void i_should_see_a_success_message_confirming_registration() {&#10;    // Write code here that turns the phrase above into concrete actions&#10;    throw new io.cucumber.java.PendingException();&#10;}&#10;" type="io.cucumber.junit.platform.engine.UndefinedStepException"><![CDATA[io.cucumber.junit.platform.engine.UndefinedStepException: 
The step 'I am on the registration page "https://ecommerce-playground.lambdatest.io/index.php?route=account/register"' and 3 other step(s) are undefined.
You can implement these steps using the snippet(s) below:

@Given("I am on the registration page {string}")
public void i_am_on_the_registration_page(String string) {
    // Write code here that turns the phrase above into concrete actions
    throw new io.cucumber.java.PendingException();
}
@When("I enter the following details:")
public void i_enter_the_following_details(io.cucumber.datatable.DataTable dataTable) {
    // Write code here that turns the phrase above into concrete actions
    // For automatic transformation, change DataTable to one of
    // E, List<E>, List<List<E>>, List<Map<K,V>>, Map<K,V> or
    // Map<K, List<V>>. E,K,V must be a String, Integer, Float,
    // Double, Byte, Short, Long, BigInteger or BigDecimal.
    //
    // For other transformations you can register a DataTableType.
    throw new io.cucumber.java.PendingException();
}
@When("I submit the registration form")
public void i_submit_the_registration_form() {
    // Write code here that turns the phrase above into concrete actions
    throw new io.cucumber.java.PendingException();
}
@Then("I should see a success message confirming registration")
public void i_should_see_a_success_message_confirming_registration() {
    // Write code here that turns the phrase above into concrete actions
    throw new io.cucumber.java.PendingException();
}

	at io.cucumber.core.runtime.TestCaseResultObserver.assertTestCasePassed(TestCaseResultObserver.java:69)
	at io.cucumber.junit.platform.engine.TestCaseResultObserver.assertTestCasePassed(TestCaseResultObserver.java:22)
	at io.cucumber.junit.platform.engine.CucumberEngineExecutionContext.lambda$runTestCase$4(CucumberEngineExecutionContext.java:114)
	at io.cucumber.core.runtime.CucumberExecutionContext.lambda$runTestCase$5(CucumberExecutionContext.java:136)
	at io.cucumber.core.runtime.RethrowingThrowableCollector.executeAndThrow(RethrowingThrowableCollector.java:23)
	at io.cucumber.core.runtime.CucumberExecutionContext.runTestCase(CucumberExecutionContext.java:136)
	at io.cucumber.junit.platform.engine.CucumberEngineExecutionContext.runTestCase(CucumberEngineExecutionContext.java:109)
	at io.cucumber.junit.platform.engine.NodeDescriptor$PickleDescriptor.execute(NodeDescriptor.java:168)
	at io.cucumber.junit.platform.engine.NodeDescriptor$PickleDescriptor.execute(NodeDescriptor.java:90)
	at java.base/java.util.ArrayList.forEach(ArrayList.java:1596)
	at java.base/java.util.ArrayList.forEach(ArrayList.java:1596)
	at java.base/java.util.ArrayList.forEach(ArrayList.java:1596)
	at java.base/java.util.ArrayList.forEach(ArrayList.java:1596)
]]></error>
    <system-out><![CDATA[
Scenario Outline: Register a new user using fluent page object approach                                             &amp#27;[90m# assignmentsdacucumber/Assignment01.feature:24&amp#27;[0m
  &amp#27;[33mGiven &amp#27;[0m&amp#27;[33mI am on the registration page "https://ecommerce-playground.lambdatest.io/index.php?route=account/register"&amp#27;[0m
  &amp#27;[36mWhen &amp#27;[0m&amp#27;[36mI enter the following details:&amp#27;[0m
    | Field         | Value                                           |
    | ------------- | ----------------------------------------------- |
    | First Name    | Jaz                                             |
    | Last Name     | Sul                                             |
    | Email         | jazsul@hotmail.com                              |
    | Telephone     | +966555555                                      |
    | Password      | Password                                        |
    | Confirm Pwd   | Password                                        |
  &amp#27;[36mAnd &amp#27;[0m&amp#27;[36mI submit the registration form&amp#27;[0m
  &amp#27;[36mThen &amp#27;[0m&amp#27;[36mI should see a success message confirming registration&amp#27;[0m
]]></system-out>
  </testcase>
  <testcase name="Example #1.7" classname="Examples" time="0.007">
    <error message="The step &apos;I am on the registration page &quot;https://ecommerce-playground.lambdatest.io/index.php?route=account/register&quot;&apos; and 3 other step(s) are undefined.&#10;You can implement these steps using the snippet(s) below:&#10;&#10;@Given(&quot;I am on the registration page {string}&quot;)&#10;public void i_am_on_the_registration_page(String string) {&#10;    // Write code here that turns the phrase above into concrete actions&#10;    throw new io.cucumber.java.PendingException();&#10;}&#10;@When(&quot;I enter the following details:&quot;)&#10;public void i_enter_the_following_details(io.cucumber.datatable.DataTable dataTable) {&#10;    // Write code here that turns the phrase above into concrete actions&#10;    // For automatic transformation, change DataTable to one of&#10;    // E, List&lt;E&gt;, List&lt;List&lt;E&gt;&gt;, List&lt;Map&lt;K,V&gt;&gt;, Map&lt;K,V&gt; or&#10;    // Map&lt;K, List&lt;V&gt;&gt;. E,K,V must be a String, Integer, Float,&#10;    // Double, Byte, Short, Long, BigInteger or BigDecimal.&#10;    //&#10;    // For other transformations you can register a DataTableType.&#10;    throw new io.cucumber.java.PendingException();&#10;}&#10;@When(&quot;I submit the registration form&quot;)&#10;public void i_submit_the_registration_form() {&#10;    // Write code here that turns the phrase above into concrete actions&#10;    throw new io.cucumber.java.PendingException();&#10;}&#10;@Then(&quot;I should see a success message confirming registration&quot;)&#10;public void i_should_see_a_success_message_confirming_registration() {&#10;    // Write code here that turns the phrase above into concrete actions&#10;    throw new io.cucumber.java.PendingException();&#10;}&#10;" type="io.cucumber.junit.platform.engine.UndefinedStepException"><![CDATA[io.cucumber.junit.platform.engine.UndefinedStepException: 
The step 'I am on the registration page "https://ecommerce-playground.lambdatest.io/index.php?route=account/register"' and 3 other step(s) are undefined.
You can implement these steps using the snippet(s) below:

@Given("I am on the registration page {string}")
public void i_am_on_the_registration_page(String string) {
    // Write code here that turns the phrase above into concrete actions
    throw new io.cucumber.java.PendingException();
}
@When("I enter the following details:")
public void i_enter_the_following_details(io.cucumber.datatable.DataTable dataTable) {
    // Write code here that turns the phrase above into concrete actions
    // For automatic transformation, change DataTable to one of
    // E, List<E>, List<List<E>>, List<Map<K,V>>, Map<K,V> or
    // Map<K, List<V>>. E,K,V must be a String, Integer, Float,
    // Double, Byte, Short, Long, BigInteger or BigDecimal.
    //
    // For other transformations you can register a DataTableType.
    throw new io.cucumber.java.PendingException();
}
@When("I submit the registration form")
public void i_submit_the_registration_form() {
    // Write code here that turns the phrase above into concrete actions
    throw new io.cucumber.java.PendingException();
}
@Then("I should see a success message confirming registration")
public void i_should_see_a_success_message_confirming_registration() {
    // Write code here that turns the phrase above into concrete actions
    throw new io.cucumber.java.PendingException();
}

	at io.cucumber.core.runtime.TestCaseResultObserver.assertTestCasePassed(TestCaseResultObserver.java:69)
	at io.cucumber.junit.platform.engine.TestCaseResultObserver.assertTestCasePassed(TestCaseResultObserver.java:22)
	at io.cucumber.junit.platform.engine.CucumberEngineExecutionContext.lambda$runTestCase$4(CucumberEngineExecutionContext.java:114)
	at io.cucumber.core.runtime.CucumberExecutionContext.lambda$runTestCase$5(CucumberExecutionContext.java:136)
	at io.cucumber.core.runtime.RethrowingThrowableCollector.executeAndThrow(RethrowingThrowableCollector.java:23)
	at io.cucumber.core.runtime.CucumberExecutionContext.runTestCase(CucumberExecutionContext.java:136)
	at io.cucumber.junit.platform.engine.CucumberEngineExecutionContext.runTestCase(CucumberEngineExecutionContext.java:109)
	at io.cucumber.junit.platform.engine.NodeDescriptor$PickleDescriptor.execute(NodeDescriptor.java:168)
	at io.cucumber.junit.platform.engine.NodeDescriptor$PickleDescriptor.execute(NodeDescriptor.java:90)
	at java.base/java.util.ArrayList.forEach(ArrayList.java:1596)
	at java.base/java.util.ArrayList.forEach(ArrayList.java:1596)
	at java.base/java.util.ArrayList.forEach(ArrayList.java:1596)
	at java.base/java.util.ArrayList.forEach(ArrayList.java:1596)
]]></error>
    <system-out><![CDATA[
Scenario Outline: Register a new user using fluent page object approach                                             &amp#27;[90m# assignmentsdacucumber/Assignment01.feature:25&amp#27;[0m
  &amp#27;[33mGiven &amp#27;[0m&amp#27;[33mI am on the registration page "https://ecommerce-playground.lambdatest.io/index.php?route=account/register"&amp#27;[0m
  &amp#27;[36mWhen &amp#27;[0m&amp#27;[36mI enter the following details:&amp#27;[0m
    | Field         | Value                                           |
    | ------------- | ----------------------------------------------- |
    | First Name    | Jaz                                             |
    | Last Name     | Sul                                             |
    | Email         | jazsul@hotmail.com                              |
    | Telephone     | +966555555                                      |
    | Password      | Password                                        |
    | Confirm Pwd   | Password                                        |
  &amp#27;[36mAnd &amp#27;[0m&amp#27;[36mI submit the registration form&amp#27;[0m
  &amp#27;[36mThen &amp#27;[0m&amp#27;[36mI should see a success message confirming registration&amp#27;[0m
]]></system-out>
  </testcase>
</testsuite>